0 info it worked if it ends with ok
1 verbose cli [ 'node', '/usr/local/bin/npm', 'update', '-g', 'cordova' ]
2 info using npm@1.3.21
3 info using node@v0.10.24
4 verbose url raw cordova/latest
5 verbose url resolving [ 'https://registry.npmjs.org/', './cordova/latest' ]
6 verbose url resolved https://registry.npmjs.org/cordova/latest
7 info trying registry request attempt 1 at 16:55:01
8 http GET https://registry.npmjs.org/cordova/latest
9 verbose url raw cordova/latest
10 verbose url resolving [ 'https://registry.npmjs.org/', './cordova/latest' ]
11 verbose url resolved https://registry.npmjs.org/cordova/latest
12 info trying registry request attempt 1 at 16:55:02
13 http GET https://registry.npmjs.org/cordova/latest
14 http 200 https://registry.npmjs.org/cordova/latest
15 silly registry.get cb [ 200,
15 silly registry.get   { date: 'Tue, 19 Aug 2014 07:55:02 GMT',
15 silly registry.get     server: 'CouchDB/1.5.0 (Erlang OTP/R16B03)',
15 silly registry.get     etag: '"6YRRETOOW4K93X4F1PLJ27TLQ"',
15 silly registry.get     'content-type': 'application/json',
15 silly registry.get     'cache-control': 'max-age=60',
15 silly registry.get     'content-length': '2849',
15 silly registry.get     'accept-ranges': 'bytes',
15 silly registry.get     via: '1.1 varnish',
15 silly registry.get     age: '0',
15 silly registry.get     'x-served-by': 'cache-ty67-TYO',
15 silly registry.get     'x-cache': 'MISS',
15 silly registry.get     'x-cache-hits': '0',
15 silly registry.get     'x-timer': 'S1408434902.361441,VS0,VE177',
15 silly registry.get     vary: 'Accept',
15 silly registry.get     'keep-alive': 'timeout=10, max=50',
15 silly registry.get     connection: 'Keep-Alive' } ]
16 http 200 https://registry.npmjs.org/cordova/latest
17 silly registry.get cb [ 200,
17 silly registry.get   { date: 'Tue, 19 Aug 2014 07:55:02 GMT',
17 silly registry.get     server: 'CouchDB/1.5.0 (Erlang OTP/R16B03)',
17 silly registry.get     etag: '"6YRRETOOW4K93X4F1PLJ27TLQ"',
17 silly registry.get     'content-type': 'application/json',
17 silly registry.get     'cache-control': 'max-age=60',
17 silly registry.get     'content-length': '2849',
17 silly registry.get     'accept-ranges': 'bytes',
17 silly registry.get     via: '1.1 varnish',
17 silly registry.get     age: '0',
17 silly registry.get     'x-served-by': 'cache-ty67-TYO',
17 silly registry.get     'x-cache': 'HIT',
17 silly registry.get     'x-cache-hits': '1',
17 silly registry.get     'x-timer': 'S1408434902.544041,VS0,VE0',
17 silly registry.get     vary: 'Accept',
17 silly registry.get     'keep-alive': 'timeout=10, max=50',
17 silly registry.get     connection: 'Keep-Alive' } ]
18 verbose cache add [ 'cordova', '3.5.0-0.2.4' ]
19 verbose cache add name="cordova" spec="3.5.0-0.2.4" args=["cordova","3.5.0-0.2.4"]
20 verbose parsed url { protocol: null,
20 verbose parsed url   slashes: null,
20 verbose parsed url   auth: null,
20 verbose parsed url   host: null,
20 verbose parsed url   port: null,
20 verbose parsed url   hostname: null,
20 verbose parsed url   hash: null,
20 verbose parsed url   search: null,
20 verbose parsed url   query: null,
20 verbose parsed url   pathname: '3.5.0-0.2.4',
20 verbose parsed url   path: '3.5.0-0.2.4',
20 verbose parsed url   href: '3.5.0-0.2.4' }
21 verbose addNamed [ 'cordova', '3.5.0-0.2.4' ]
22 verbose addNamed [ '3.5.0-0.2.4', '3.5.0-0.2.4' ]
23 verbose cache add [ 'cordova', '*' ]
24 verbose cache add name="cordova" spec="*" args=["cordova","*"]
25 verbose parsed url { protocol: null,
25 verbose parsed url   slashes: null,
25 verbose parsed url   auth: null,
25 verbose parsed url   host: null,
25 verbose parsed url   port: null,
25 verbose parsed url   hostname: null,
25 verbose parsed url   hash: null,
25 verbose parsed url   search: null,
25 verbose parsed url   query: null,
25 verbose parsed url   pathname: '*',
25 verbose parsed url   path: '*',
25 verbose parsed url   href: '*' }
26 verbose addNamed [ 'cordova', '*' ]
27 verbose addNamed [ null, '*' ]
28 silly lockFile b06f4b23-cordova-3-5-0-0-2-4 cordova@3.5.0-0.2.4
29 verbose lock cordova@3.5.0-0.2.4 /Users/skplanet/.npm/b06f4b23-cordova-3-5-0-0-2-4.lock
30 silly lockFile d1c74f74-cordova cordova@*
31 verbose lock cordova@* /Users/skplanet/.npm/d1c74f74-cordova.lock
32 silly addNameRange { name: 'cordova', range: '*', hasData: false }
33 verbose url raw cordova/3.5.0-0.2.4
34 verbose url resolving [ 'https://registry.npmjs.org/', './cordova/3.5.0-0.2.4' ]
35 verbose url resolved https://registry.npmjs.org/cordova/3.5.0-0.2.4
36 info trying registry request attempt 1 at 16:55:03
37 verbose etag "2GZVR1P3TXA4RL33WIDI9Q4E5"
38 http GET https://registry.npmjs.org/cordova/3.5.0-0.2.4
39 verbose url raw cordova
40 verbose url resolving [ 'https://registry.npmjs.org/', './cordova' ]
41 verbose url resolved https://registry.npmjs.org/cordova
42 info trying registry request attempt 1 at 16:55:03
43 verbose etag "2GZVR1P3TXA4RL33WIDI9Q4E5"
44 http GET https://registry.npmjs.org/cordova
45 http 200 https://registry.npmjs.org/cordova/3.5.0-0.2.4
46 silly registry.get cb [ 200,
46 silly registry.get   { date: 'Tue, 19 Aug 2014 07:55:03 GMT',
46 silly registry.get     server: 'CouchDB/1.5.0 (Erlang OTP/R16B03)',
46 silly registry.get     etag: '"6YRRETOOW4K93X4F1PLJ27TLQ"',
46 silly registry.get     'content-type': 'application/json',
46 silly registry.get     'cache-control': 'max-age=60',
46 silly registry.get     'content-length': '2811',
46 silly registry.get     'accept-ranges': 'bytes',
46 silly registry.get     via: '1.1 varnish',
46 silly registry.get     age: '0',
46 silly registry.get     'x-served-by': 'cache-ty67-TYO',
46 silly registry.get     'x-cache': 'MISS',
46 silly registry.get     'x-cache-hits': '0',
46 silly registry.get     'x-timer': 'S1408434903.633532,VS0,VE231',
46 silly registry.get     vary: 'Accept',
46 silly registry.get     'keep-alive': 'timeout=10, max=50',
46 silly registry.get     connection: 'Keep-Alive' } ]
47 silly lockFile 8dd42be6--cordova-cordova-3-5-0-0-2-4-tgz https://registry.npmjs.org/cordova/-/cordova-3.5.0-0.2.4.tgz
48 verbose lock https://registry.npmjs.org/cordova/-/cordova-3.5.0-0.2.4.tgz /Users/skplanet/.npm/8dd42be6--cordova-cordova-3-5-0-0-2-4-tgz.lock
49 verbose addRemoteTarball [ 'https://registry.npmjs.org/cordova/-/cordova-3.5.0-0.2.4.tgz',
49 verbose addRemoteTarball   '42ecb5bf50a456a2d95f0e95b3c542393f6af538' ]
50 info retry fetch attempt 1 at 16:55:03
51 verbose fetch to= /var/folders/6f/ygl_qxd91dq0rwccy4z78_sr0000gn/T/npm-47226-x58ffqJH/1408434903867-0.06395565322600305/tmp.tgz
52 http GET https://registry.npmjs.org/cordova/-/cordova-3.5.0-0.2.4.tgz
53 http 200 https://registry.npmjs.org/cordova
54 silly registry.get cb [ 200,
54 silly registry.get   { date: 'Tue, 19 Aug 2014 07:55:03 GMT',
54 silly registry.get     server: 'CouchDB/1.5.0 (Erlang OTP/R16B03)',
54 silly registry.get     etag: '"6YRRETOOW4K93X4F1PLJ27TLQ"',
54 silly registry.get     'content-type': 'application/json',
54 silly registry.get     'cache-control': 'max-age=60',
54 silly registry.get     'content-length': '295911',
54 silly registry.get     'accept-ranges': 'bytes',
54 silly registry.get     via: '1.1 varnish',
54 silly registry.get     age: '552',
54 silly registry.get     'x-served-by': 'cache-ty67-TYO',
54 silly registry.get     'x-cache': 'HIT',
54 silly registry.get     'x-cache-hits': '3',
54 silly registry.get     'x-timer': 'S1408434903.638498,VS0,VE0',
54 silly registry.get     vary: 'Accept',
54 silly registry.get     'keep-alive': 'timeout=10, max=50',
54 silly registry.get     connection: 'Keep-Alive' } ]
55 silly addNameRange number 2 { name: 'cordova', range: '*', hasData: true }
56 silly addNameRange versions [ 'cordova',
56 silly addNameRange   [ '0.0.1',
56 silly addNameRange     '0.0.2',
56 silly addNameRange     '0.0.3',
56 silly addNameRange     '0.0.4',
56 silly addNameRange     '0.0.5',
56 silly addNameRange     '0.0.6',
56 silly addNameRange     '0.0.7',
56 silly addNameRange     '0.0.8',
56 silly addNameRange     '0.0.9',
56 silly addNameRange     '0.1.0',
56 silly addNameRange     '0.1.1',
56 silly addNameRange     '0.1.2',
56 silly addNameRange     '0.1.3',
56 silly addNameRange     '0.1.4',
56 silly addNameRange     '0.1.5',
56 silly addNameRange     '0.1.6',
56 silly addNameRange     '0.1.7',
56 silly addNameRange     '0.1.8',
56 silly addNameRange     '0.1.9',
56 silly addNameRange     '0.1.10',
56 silly addNameRange     '0.1.11',
56 silly addNameRange     '0.1.12',
56 silly addNameRange     '0.1.13',
56 silly addNameRange     '0.1.14',
56 silly addNameRange     '2.2.0',
56 silly addNameRange     '2.3.0',
56 silly addNameRange     '2.3.1',
56 silly addNameRange     '2.3.2',
56 silly addNameRange     '2.3.3',
56 silly addNameRange     '2.3.5',
56 silly addNameRange     '2.3.6',
56 silly addNameRange     '2.4.0',
56 silly addNameRange     '2.4.1',
56 silly addNameRange     '2.4.2',
56 silly addNameRange     '2.4.3',
56 silly addNameRange     '2.4.4',
56 silly addNameRange     '2.4.5',
56 silly addNameRange     '2.4.6',
56 silly addNameRange     '2.4.7',
56 silly addNameRange     '2.4.8',
56 silly addNameRange     '2.4.9',
56 silly addNameRange     '2.4.10',
56 silly addNameRange     '2.5.0',
56 silly addNameRange     '2.5.2',
56 silly addNameRange     '2.5.3',
56 silly addNameRange     '2.5.4',
56 silly addNameRange     '2.5.5',
56 silly addNameRange     '2.6.0',
56 silly addNameRange     '2.6.1',
56 silly addNameRange     '2.6.2',
56 silly addNameRange     '2.7.0-rc.1',
56 silly addNameRange     '2.7.1-rc.1',
56 silly addNameRange     '2.7.2',
56 silly addNameRange     '2.7.3',
56 silly addNameRange     '2.7.4',
56 silly addNameRange     '2.8.0',
56 silly addNameRange     '2.8.1',
56 silly addNameRange     '2.8.2',
56 silly addNameRange     '2.8.3',
56 silly addNameRange     '2.8.4',
56 silly addNameRange     '2.8.5',
56 silly addNameRange     '2.8.6',
56 silly addNameRange     '2.8.7',
56 silly addNameRange     '2.8.8',
56 silly addNameRange     '2.8.9',
56 silly addNameRange     '2.8.10',
56 silly addNameRange     '2.8.11',
56 silly addNameRange     '2.8.12',
56 silly addNameRange     '2.8.13',
56 silly addNameRange     '2.8.14',
56 silly addNameRange     '2.8.15',
56 silly addNameRange     '2.8.16',
56 silly addNameRange     '2.8.17',
56 silly addNameRange     '2.8.18',
56 silly addNameRange     '2.8.19',
56 silly addNameRange     '2.8.20',
56 silly addNameRange     '2.8.21',
56 silly addNameRange     '2.8.22',
56 silly addNameRange     '2.8.23',
56 silly addNameRange     '2.8.24',
56 silly addNameRange     '2.8.25',
56 silly addNameRange     '2.9.0',
56 silly addNameRange     '2.9.1',
56 silly addNameRange     '2.9.2',
56 silly addNameRange     '2.9.3',
56 silly addNameRange     '2.9.4',
56 silly addNameRange     '2.9.5',
56 silly addNameRange     '2.9.6',
56 silly addNameRange     '2.9.7',
56 silly addNameRange     '3.0.0-rc1',
56 silly addNameRange     '3.0.0-rc1-1',
56 silly addNameRange     '3.0.0-rc1-3',
56 silly addNameRange     '3.0.0',
56 silly addNameRange     '3.0.1',
56 silly addNameRange     '3.0.2',
56 silly addNameRange     '3.0.3',
56 silly addNameRange     '3.0.4',
56 silly addNameRange     '3.0.5',
56 silly addNameRange     '3.0.6',
56 silly addNameRange     '3.0.7',
56 silly addNameRange     '3.0.8',
56 silly addNameRange     '3.0.9',
56 silly addNameRange     '3.0.10',
56 silly addNameRange     '3.1.0-0.1.0',
56 silly addNameRange     '3.1.0-0.2.0',
56 silly addNameRange     '3.2.0-rc.1',
56 silly addNameRange     '3.2.0-0.1.0',
56 silly addNameRange     '3.2.0-0.2.0',
56 silly addNameRange     '3.2.0-0.3.0',
56 silly addNameRange     '3.2.0-0.4.0',
56 silly addNameRange     '3.3.0-rc.1',
56 silly addNameRange     '3.3.0-0.1.1',
56 silly addNameRange     '3.3.1-0.1.2',
56 silly addNameRange     '2.9.0-rc1',
56 silly addNameRange     '3.3.1-0.3.0',
56 silly addNameRange     '3.3.1-0.3.1',
56 silly addNameRange     '3.3.1-0.4.1',
56 silly addNameRange     '3.3.1-0.4.2',
56 silly addNameRange     '3.4.0-0.1.0',
56 silly addNameRange     '3.4.0-0.1.1',
56 silly addNameRange     '3.4.0-0.1.2',
56 silly addNameRange     '3.4.0-0.1.3',
56 silly addNameRange     '0.0.0-fake',
56 silly addNameRange     '3.4.1-0.1.0',
56 silly addNameRange     '3.5.0-0.2.0',
56 silly addNameRange     '3.5.0-0.2.1',
56 silly addNameRange     '3.5.0-0.2.2',
56 silly addNameRange     '3.5.0-0.2.3',
56 silly addNameRange     '3.5.0-0.2.4',
56 silly addNameRange     '3.5.0-0.2.6',
56 silly addNameRange     '3.5.0-0.2.7' ] ]
57 verbose addNamed [ 'cordova', '3.5.0-0.2.7' ]
58 verbose addNamed [ '3.5.0-0.2.7', '3.5.0-0.2.7' ]
59 silly lockFile 4f89723b-cordova-3-5-0-0-2-7 cordova@3.5.0-0.2.7
60 verbose lock cordova@3.5.0-0.2.7 /Users/skplanet/.npm/4f89723b-cordova-3-5-0-0-2-7.lock
61 silly lockFile d80d9883--cordova-cordova-3-5-0-0-2-7-tgz https://registry.npmjs.org/cordova/-/cordova-3.5.0-0.2.7.tgz
62 verbose lock https://registry.npmjs.org/cordova/-/cordova-3.5.0-0.2.7.tgz /Users/skplanet/.npm/d80d9883--cordova-cordova-3-5-0-0-2-7-tgz.lock
63 verbose addRemoteTarball [ 'https://registry.npmjs.org/cordova/-/cordova-3.5.0-0.2.7.tgz',
63 verbose addRemoteTarball   'eef1c2e78df91d4b11d5aa800e14d9c4ff2b0b36' ]
64 info retry fetch attempt 1 at 16:55:03
65 verbose fetch to= /var/folders/6f/ygl_qxd91dq0rwccy4z78_sr0000gn/T/npm-47226-x58ffqJH/1408434903930-0.4951896786224097/tmp.tgz
66 http GET https://registry.npmjs.org/cordova/-/cordova-3.5.0-0.2.7.tgz
67 http 200 https://registry.npmjs.org/cordova/-/cordova-3.5.0-0.2.7.tgz
68 verbose tar unpack /var/folders/6f/ygl_qxd91dq0rwccy4z78_sr0000gn/T/npm-47226-x58ffqJH/1408434903930-0.4951896786224097/tmp.tgz
69 silly lockFile 8679498b-03930-0-4951896786224097-package tar:///var/folders/6f/ygl_qxd91dq0rwccy4z78_sr0000gn/T/npm-47226-x58ffqJH/1408434903930-0.4951896786224097/package
70 verbose lock tar:///var/folders/6f/ygl_qxd91dq0rwccy4z78_sr0000gn/T/npm-47226-x58ffqJH/1408434903930-0.4951896786224097/package /Users/skplanet/.npm/8679498b-03930-0-4951896786224097-package.lock
71 silly lockFile e6b1aa11-03930-0-4951896786224097-tmp-tgz tar:///var/folders/6f/ygl_qxd91dq0rwccy4z78_sr0000gn/T/npm-47226-x58ffqJH/1408434903930-0.4951896786224097/tmp.tgz
72 verbose lock tar:///var/folders/6f/ygl_qxd91dq0rwccy4z78_sr0000gn/T/npm-47226-x58ffqJH/1408434903930-0.4951896786224097/tmp.tgz /Users/skplanet/.npm/e6b1aa11-03930-0-4951896786224097-tmp-tgz.lock
73 silly gunzTarPerm modes [ '755', '644' ]
74 silly gunzTarPerm extractEntry package.json
75 silly gunzTarPerm extractEntry .npmignore
76 silly gunzTarPerm extractEntry README.md
77 silly gunzTarPerm extractEntry LICENSE
78 silly gunzTarPerm extractEntry cordova.js
79 silly gunzTarPerm extractEntry CONTRIBUTING.md
80 silly gunzTarPerm extractEntry RELEASENOTES.md
81 silly gunzTarPerm extractEntry .reviewboardrc
82 silly gunzTarPerm extractEntry bin/cordova
83 silly gunzTarPerm extractEntry bin/cordova.cmd
84 silly gunzTarPerm extractEntry src/cli.js
85 silly gunzTarPerm extractEntry src/help.js
86 silly gunzTarPerm extractEntry doc/bash.md
87 silly gunzTarPerm extractEntry doc/help.txt
88 silly gunzTarPerm extractEntry NOTICE
89 silly gunzTarPerm extractEntry scripts/cordova.completion
90 silly gunzTarPerm extractEntry VERSION
91 silly lockFile 8679498b-03930-0-4951896786224097-package tar:///var/folders/6f/ygl_qxd91dq0rwccy4z78_sr0000gn/T/npm-47226-x58ffqJH/1408434903930-0.4951896786224097/package
92 silly lockFile 8679498b-03930-0-4951896786224097-package tar:///var/folders/6f/ygl_qxd91dq0rwccy4z78_sr0000gn/T/npm-47226-x58ffqJH/1408434903930-0.4951896786224097/package
93 silly lockFile e6b1aa11-03930-0-4951896786224097-tmp-tgz tar:///var/folders/6f/ygl_qxd91dq0rwccy4z78_sr0000gn/T/npm-47226-x58ffqJH/1408434903930-0.4951896786224097/tmp.tgz
94 silly lockFile e6b1aa11-03930-0-4951896786224097-tmp-tgz tar:///var/folders/6f/ygl_qxd91dq0rwccy4z78_sr0000gn/T/npm-47226-x58ffqJH/1408434903930-0.4951896786224097/tmp.tgz
95 verbose tar pack [ '/Users/skplanet/.npm/cordova/3.5.0-0.2.7/package.tgz',
95 verbose tar pack   '/var/folders/6f/ygl_qxd91dq0rwccy4z78_sr0000gn/T/npm-47226-x58ffqJH/1408434903930-0.4951896786224097/package' ]
96 verbose tarball /Users/skplanet/.npm/cordova/3.5.0-0.2.7/package.tgz
97 verbose folder /var/folders/6f/ygl_qxd91dq0rwccy4z78_sr0000gn/T/npm-47226-x58ffqJH/1408434903930-0.4951896786224097/package
98 silly lockFile 8679498b-03930-0-4951896786224097-package tar:///var/folders/6f/ygl_qxd91dq0rwccy4z78_sr0000gn/T/npm-47226-x58ffqJH/1408434903930-0.4951896786224097/package
99 verbose lock tar:///var/folders/6f/ygl_qxd91dq0rwccy4z78_sr0000gn/T/npm-47226-x58ffqJH/1408434903930-0.4951896786224097/package /Users/skplanet/.npm/8679498b-03930-0-4951896786224097-package.lock
100 silly lockFile 8c4fac23--cordova-3-5-0-0-2-7-package-tgz tar:///Users/skplanet/.npm/cordova/3.5.0-0.2.7/package.tgz
101 verbose lock tar:///Users/skplanet/.npm/cordova/3.5.0-0.2.7/package.tgz /Users/skplanet/.npm/8c4fac23--cordova-3-5-0-0-2-7-package-tgz.lock
102 silly lockFile 8679498b-03930-0-4951896786224097-package tar:///var/folders/6f/ygl_qxd91dq0rwccy4z78_sr0000gn/T/npm-47226-x58ffqJH/1408434903930-0.4951896786224097/package
103 silly lockFile 8679498b-03930-0-4951896786224097-package tar:///var/folders/6f/ygl_qxd91dq0rwccy4z78_sr0000gn/T/npm-47226-x58ffqJH/1408434903930-0.4951896786224097/package
104 silly lockFile 8c4fac23--cordova-3-5-0-0-2-7-package-tgz tar:///Users/skplanet/.npm/cordova/3.5.0-0.2.7/package.tgz
105 silly lockFile 8c4fac23--cordova-3-5-0-0-2-7-package-tgz tar:///Users/skplanet/.npm/cordova/3.5.0-0.2.7/package.tgz
106 silly lockFile 50afae79--npm-cordova-3-5-0-0-2-7-package /Users/skplanet/.npm/cordova/3.5.0-0.2.7/package
107 verbose lock /Users/skplanet/.npm/cordova/3.5.0-0.2.7/package /Users/skplanet/.npm/50afae79--npm-cordova-3-5-0-0-2-7-package.lock
108 silly lockFile 50afae79--npm-cordova-3-5-0-0-2-7-package /Users/skplanet/.npm/cordova/3.5.0-0.2.7/package
109 silly lockFile 50afae79--npm-cordova-3-5-0-0-2-7-package /Users/skplanet/.npm/cordova/3.5.0-0.2.7/package
110 verbose tar unpack /Users/skplanet/.npm/cordova/3.5.0-0.2.7/package.tgz
111 silly lockFile cf6a5b12--npm-cordova-3-5-0-0-2-7-package tar:///Users/skplanet/.npm/cordova/3.5.0-0.2.7/package
112 verbose lock tar:///Users/skplanet/.npm/cordova/3.5.0-0.2.7/package /Users/skplanet/.npm/cf6a5b12--npm-cordova-3-5-0-0-2-7-package.lock
113 silly lockFile 8c4fac23--cordova-3-5-0-0-2-7-package-tgz tar:///Users/skplanet/.npm/cordova/3.5.0-0.2.7/package.tgz
114 verbose lock tar:///Users/skplanet/.npm/cordova/3.5.0-0.2.7/package.tgz /Users/skplanet/.npm/8c4fac23--cordova-3-5-0-0-2-7-package-tgz.lock
115 silly gunzTarPerm modes [ '755', '644' ]
116 silly gunzTarPerm extractEntry package.json
117 silly gunzTarPerm extractEntry .npmignore
118 silly gunzTarPerm extractEntry README.md
119 silly gunzTarPerm extractEntry LICENSE
120 silly gunzTarPerm extractEntry cordova.js
121 silly gunzTarPerm extractEntry CONTRIBUTING.md
122 silly gunzTarPerm extractEntry RELEASENOTES.md
123 silly gunzTarPerm extractEntry .reviewboardrc
124 silly gunzTarPerm extractEntry bin/cordova
125 silly gunzTarPerm extractEntry bin/cordova.cmd
126 silly gunzTarPerm extractEntry src/cli.js
127 silly gunzTarPerm extractEntry src/help.js
128 silly gunzTarPerm extractEntry doc/bash.md
129 silly gunzTarPerm extractEntry doc/help.txt
130 silly gunzTarPerm extractEntry NOTICE
131 silly gunzTarPerm extractEntry scripts/cordova.completion
132 silly gunzTarPerm extractEntry VERSION
133 silly lockFile cf6a5b12--npm-cordova-3-5-0-0-2-7-package tar:///Users/skplanet/.npm/cordova/3.5.0-0.2.7/package
134 silly lockFile cf6a5b12--npm-cordova-3-5-0-0-2-7-package tar:///Users/skplanet/.npm/cordova/3.5.0-0.2.7/package
135 silly lockFile 8c4fac23--cordova-3-5-0-0-2-7-package-tgz tar:///Users/skplanet/.npm/cordova/3.5.0-0.2.7/package.tgz
136 silly lockFile 8c4fac23--cordova-3-5-0-0-2-7-package-tgz tar:///Users/skplanet/.npm/cordova/3.5.0-0.2.7/package.tgz
137 verbose chmod /Users/skplanet/.npm/cordova/3.5.0-0.2.7/package.tgz 644
138 verbose chown /Users/skplanet/.npm/cordova/3.5.0-0.2.7/package.tgz [ 501, 20 ]
139 silly lockFile d80d9883--cordova-cordova-3-5-0-0-2-7-tgz https://registry.npmjs.org/cordova/-/cordova-3.5.0-0.2.7.tgz
140 silly lockFile d80d9883--cordova-cordova-3-5-0-0-2-7-tgz https://registry.npmjs.org/cordova/-/cordova-3.5.0-0.2.7.tgz
141 silly lockFile 4f89723b-cordova-3-5-0-0-2-7 cordova@3.5.0-0.2.7
142 silly lockFile 4f89723b-cordova-3-5-0-0-2-7 cordova@3.5.0-0.2.7
143 silly lockFile d1c74f74-cordova cordova@*
144 silly lockFile d1c74f74-cordova cordova@*
145 http 200 https://registry.npmjs.org/cordova/-/cordova-3.5.0-0.2.4.tgz
146 verbose tar unpack /var/folders/6f/ygl_qxd91dq0rwccy4z78_sr0000gn/T/npm-47226-x58ffqJH/1408434903867-0.06395565322600305/tmp.tgz
147 silly lockFile 8c8f367c-3867-0-06395565322600305-package tar:///var/folders/6f/ygl_qxd91dq0rwccy4z78_sr0000gn/T/npm-47226-x58ffqJH/1408434903867-0.06395565322600305/package
148 verbose lock tar:///var/folders/6f/ygl_qxd91dq0rwccy4z78_sr0000gn/T/npm-47226-x58ffqJH/1408434903867-0.06395565322600305/package /Users/skplanet/.npm/8c8f367c-3867-0-06395565322600305-package.lock
149 silly lockFile d508eef4-3867-0-06395565322600305-tmp-tgz tar:///var/folders/6f/ygl_qxd91dq0rwccy4z78_sr0000gn/T/npm-47226-x58ffqJH/1408434903867-0.06395565322600305/tmp.tgz
150 verbose lock tar:///var/folders/6f/ygl_qxd91dq0rwccy4z78_sr0000gn/T/npm-47226-x58ffqJH/1408434903867-0.06395565322600305/tmp.tgz /Users/skplanet/.npm/d508eef4-3867-0-06395565322600305-tmp-tgz.lock
151 silly gunzTarPerm modes [ '755', '644' ]
152 silly gunzTarPerm extractEntry package.json
153 silly gunzTarPerm extractEntry .npmignore
154 silly gunzTarPerm extractEntry README.md
155 silly gunzTarPerm extractEntry LICENSE
156 silly gunzTarPerm extractEntry cordova.js
157 silly gunzTarPerm extractEntry CONTRIBUTING.md
158 silly gunzTarPerm extractEntry RELEASENOTES.md
159 silly gunzTarPerm extractEntry .reviewboardrc
160 silly gunzTarPerm extractEntry bin/cordova
161 silly gunzTarPerm extractEntry bin/cordova.cmd
162 silly gunzTarPerm extractEntry src/cli.js
163 silly gunzTarPerm extractEntry src/help.js
164 silly gunzTarPerm extractEntry doc/bash.md
165 silly gunzTarPerm extractEntry doc/help.txt
166 silly gunzTarPerm extractEntry NOTICE
167 silly gunzTarPerm extractEntry scripts/cordova.completion
168 silly gunzTarPerm extractEntry VERSION
169 silly lockFile 8c8f367c-3867-0-06395565322600305-package tar:///var/folders/6f/ygl_qxd91dq0rwccy4z78_sr0000gn/T/npm-47226-x58ffqJH/1408434903867-0.06395565322600305/package
170 silly lockFile 8c8f367c-3867-0-06395565322600305-package tar:///var/folders/6f/ygl_qxd91dq0rwccy4z78_sr0000gn/T/npm-47226-x58ffqJH/1408434903867-0.06395565322600305/package
171 silly lockFile d508eef4-3867-0-06395565322600305-tmp-tgz tar:///var/folders/6f/ygl_qxd91dq0rwccy4z78_sr0000gn/T/npm-47226-x58ffqJH/1408434903867-0.06395565322600305/tmp.tgz
172 silly lockFile d508eef4-3867-0-06395565322600305-tmp-tgz tar:///var/folders/6f/ygl_qxd91dq0rwccy4z78_sr0000gn/T/npm-47226-x58ffqJH/1408434903867-0.06395565322600305/tmp.tgz
173 verbose tar pack [ '/Users/skplanet/.npm/cordova/3.5.0-0.2.4/package.tgz',
173 verbose tar pack   '/var/folders/6f/ygl_qxd91dq0rwccy4z78_sr0000gn/T/npm-47226-x58ffqJH/1408434903867-0.06395565322600305/package' ]
174 verbose tarball /Users/skplanet/.npm/cordova/3.5.0-0.2.4/package.tgz
175 verbose folder /var/folders/6f/ygl_qxd91dq0rwccy4z78_sr0000gn/T/npm-47226-x58ffqJH/1408434903867-0.06395565322600305/package
176 silly lockFile 8c8f367c-3867-0-06395565322600305-package tar:///var/folders/6f/ygl_qxd91dq0rwccy4z78_sr0000gn/T/npm-47226-x58ffqJH/1408434903867-0.06395565322600305/package
177 verbose lock tar:///var/folders/6f/ygl_qxd91dq0rwccy4z78_sr0000gn/T/npm-47226-x58ffqJH/1408434903867-0.06395565322600305/package /Users/skplanet/.npm/8c8f367c-3867-0-06395565322600305-package.lock
178 silly lockFile 91691424--cordova-3-5-0-0-2-4-package-tgz tar:///Users/skplanet/.npm/cordova/3.5.0-0.2.4/package.tgz
179 verbose lock tar:///Users/skplanet/.npm/cordova/3.5.0-0.2.4/package.tgz /Users/skplanet/.npm/91691424--cordova-3-5-0-0-2-4-package-tgz.lock
180 silly lockFile 8c8f367c-3867-0-06395565322600305-package tar:///var/folders/6f/ygl_qxd91dq0rwccy4z78_sr0000gn/T/npm-47226-x58ffqJH/1408434903867-0.06395565322600305/package
181 silly lockFile 8c8f367c-3867-0-06395565322600305-package tar:///var/folders/6f/ygl_qxd91dq0rwccy4z78_sr0000gn/T/npm-47226-x58ffqJH/1408434903867-0.06395565322600305/package
182 silly lockFile 91691424--cordova-3-5-0-0-2-4-package-tgz tar:///Users/skplanet/.npm/cordova/3.5.0-0.2.4/package.tgz
183 silly lockFile 91691424--cordova-3-5-0-0-2-4-package-tgz tar:///Users/skplanet/.npm/cordova/3.5.0-0.2.4/package.tgz
184 silly lockFile 4ee32876--npm-cordova-3-5-0-0-2-4-package /Users/skplanet/.npm/cordova/3.5.0-0.2.4/package
185 verbose lock /Users/skplanet/.npm/cordova/3.5.0-0.2.4/package /Users/skplanet/.npm/4ee32876--npm-cordova-3-5-0-0-2-4-package.lock
186 silly lockFile 4ee32876--npm-cordova-3-5-0-0-2-4-package /Users/skplanet/.npm/cordova/3.5.0-0.2.4/package
187 silly lockFile 4ee32876--npm-cordova-3-5-0-0-2-4-package /Users/skplanet/.npm/cordova/3.5.0-0.2.4/package
188 verbose tar unpack /Users/skplanet/.npm/cordova/3.5.0-0.2.4/package.tgz
189 silly lockFile 19e57c21--npm-cordova-3-5-0-0-2-4-package tar:///Users/skplanet/.npm/cordova/3.5.0-0.2.4/package
190 verbose lock tar:///Users/skplanet/.npm/cordova/3.5.0-0.2.4/package /Users/skplanet/.npm/19e57c21--npm-cordova-3-5-0-0-2-4-package.lock
191 silly lockFile 91691424--cordova-3-5-0-0-2-4-package-tgz tar:///Users/skplanet/.npm/cordova/3.5.0-0.2.4/package.tgz
192 verbose lock tar:///Users/skplanet/.npm/cordova/3.5.0-0.2.4/package.tgz /Users/skplanet/.npm/91691424--cordova-3-5-0-0-2-4-package-tgz.lock
193 silly gunzTarPerm modes [ '755', '644' ]
194 silly gunzTarPerm extractEntry package.json
195 silly gunzTarPerm extractEntry .npmignore
196 silly gunzTarPerm extractEntry README.md
197 silly gunzTarPerm extractEntry LICENSE
198 silly gunzTarPerm extractEntry cordova.js
199 silly gunzTarPerm extractEntry CONTRIBUTING.md
200 silly gunzTarPerm extractEntry RELEASENOTES.md
201 silly gunzTarPerm extractEntry .reviewboardrc
202 silly gunzTarPerm extractEntry bin/cordova
203 silly gunzTarPerm extractEntry bin/cordova.cmd
204 silly gunzTarPerm extractEntry src/cli.js
205 silly gunzTarPerm extractEntry src/help.js
206 silly gunzTarPerm extractEntry doc/bash.md
207 silly gunzTarPerm extractEntry doc/help.txt
208 silly gunzTarPerm extractEntry NOTICE
209 silly gunzTarPerm extractEntry scripts/cordova.completion
210 silly gunzTarPerm extractEntry VERSION
211 silly lockFile 19e57c21--npm-cordova-3-5-0-0-2-4-package tar:///Users/skplanet/.npm/cordova/3.5.0-0.2.4/package
212 silly lockFile 19e57c21--npm-cordova-3-5-0-0-2-4-package tar:///Users/skplanet/.npm/cordova/3.5.0-0.2.4/package
213 silly lockFile 91691424--cordova-3-5-0-0-2-4-package-tgz tar:///Users/skplanet/.npm/cordova/3.5.0-0.2.4/package.tgz
214 silly lockFile 91691424--cordova-3-5-0-0-2-4-package-tgz tar:///Users/skplanet/.npm/cordova/3.5.0-0.2.4/package.tgz
215 verbose chmod /Users/skplanet/.npm/cordova/3.5.0-0.2.4/package.tgz 644
216 verbose chown /Users/skplanet/.npm/cordova/3.5.0-0.2.4/package.tgz [ 501, 20 ]
217 silly lockFile 8dd42be6--cordova-cordova-3-5-0-0-2-4-tgz https://registry.npmjs.org/cordova/-/cordova-3.5.0-0.2.4.tgz
218 silly lockFile 8dd42be6--cordova-cordova-3-5-0-0-2-4-tgz https://registry.npmjs.org/cordova/-/cordova-3.5.0-0.2.4.tgz
219 silly lockFile b06f4b23-cordova-3-5-0-0-2-4 cordova@3.5.0-0.2.4
220 silly lockFile b06f4b23-cordova-3-5-0-0-2-4 cordova@3.5.0-0.2.4
221 info outdated updating [ [ '/usr/local/lib',
221 info outdated     'cordova',
221 info outdated     '3.5.0-0.2.4',
221 info outdated     '3.5.0-0.2.7',
221 info outdated     '3.5.0-0.2.7',
221 info outdated     '*' ],
221 info outdated   [ '/usr/local/lib/node_modules/phonegap',
221 info outdated     'cordova',
221 info outdated     '3.5.0-0.2.4',
221 info outdated     '3.5.0-0.2.4',
221 info outdated     '3.5.0-0.2.7',
221 info outdated     '3.5.0-0.2.4' ] ]
222 verbose install where,what [ '/usr/local/lib', [ 'cordova@3.5.0-0.2.7' ] ]
223 verbose install where,what [ '/usr/local/lib/node_modules/phonegap',
223 verbose install   [ 'cordova@3.5.0-0.2.4' ] ]
224 verbose cache add [ 'cordova@3.5.0-0.2.7', null ]
225 verbose cache add name=undefined spec="cordova@3.5.0-0.2.7" args=["cordova@3.5.0-0.2.7",null]
226 verbose parsed url { protocol: null,
226 verbose parsed url   slashes: null,
226 verbose parsed url   auth: null,
226 verbose parsed url   host: null,
226 verbose parsed url   port: null,
226 verbose parsed url   hostname: null,
226 verbose parsed url   hash: null,
226 verbose parsed url   search: null,
226 verbose parsed url   query: null,
226 verbose parsed url   pathname: 'cordova@3.5.0-0.2.7',
226 verbose parsed url   path: 'cordova@3.5.0-0.2.7',
226 verbose parsed url   href: 'cordova@3.5.0-0.2.7' }
227 verbose cache add name="cordova" spec="3.5.0-0.2.7" args=["cordova","3.5.0-0.2.7"]
228 verbose parsed url { protocol: null,
228 verbose parsed url   slashes: null,
228 verbose parsed url   auth: null,
228 verbose parsed url   host: null,
228 verbose parsed url   port: null,
228 verbose parsed url   hostname: null,
228 verbose parsed url   hash: null,
228 verbose parsed url   search: null,
228 verbose parsed url   query: null,
228 verbose parsed url   pathname: '3.5.0-0.2.7',
228 verbose parsed url   path: '3.5.0-0.2.7',
228 verbose parsed url   href: '3.5.0-0.2.7' }
229 verbose addNamed [ 'cordova', '3.5.0-0.2.7' ]
230 verbose addNamed [ '3.5.0-0.2.7', '3.5.0-0.2.7' ]
231 silly lockFile 4f89723b-cordova-3-5-0-0-2-7 cordova@3.5.0-0.2.7
232 verbose lock cordova@3.5.0-0.2.7 /Users/skplanet/.npm/4f89723b-cordova-3-5-0-0-2-7.lock
233 verbose readDependencies using package.json deps
234 verbose cache add [ 'cordova@3.5.0-0.2.4', null ]
235 verbose cache add name=undefined spec="cordova@3.5.0-0.2.4" args=["cordova@3.5.0-0.2.4",null]
236 verbose parsed url { protocol: null,
236 verbose parsed url   slashes: null,
236 verbose parsed url   auth: null,
236 verbose parsed url   host: null,
236 verbose parsed url   port: null,
236 verbose parsed url   hostname: null,
236 verbose parsed url   hash: null,
236 verbose parsed url   search: null,
236 verbose parsed url   query: null,
236 verbose parsed url   pathname: 'cordova@3.5.0-0.2.4',
236 verbose parsed url   path: 'cordova@3.5.0-0.2.4',
236 verbose parsed url   href: 'cordova@3.5.0-0.2.4' }
237 verbose cache add name="cordova" spec="3.5.0-0.2.4" args=["cordova","3.5.0-0.2.4"]
238 verbose parsed url { protocol: null,
238 verbose parsed url   slashes: null,
238 verbose parsed url   auth: null,
238 verbose parsed url   host: null,
238 verbose parsed url   port: null,
238 verbose parsed url   hostname: null,
238 verbose parsed url   hash: null,
238 verbose parsed url   search: null,
238 verbose parsed url   query: null,
238 verbose parsed url   pathname: '3.5.0-0.2.4',
238 verbose parsed url   path: '3.5.0-0.2.4',
238 verbose parsed url   href: '3.5.0-0.2.4' }
239 verbose addNamed [ 'cordova', '3.5.0-0.2.4' ]
240 verbose addNamed [ '3.5.0-0.2.4', '3.5.0-0.2.4' ]
241 silly lockFile b06f4b23-cordova-3-5-0-0-2-4 cordova@3.5.0-0.2.4
242 verbose lock cordova@3.5.0-0.2.4 /Users/skplanet/.npm/b06f4b23-cordova-3-5-0-0-2-4.lock
243 verbose url raw cordova/3.5.0-0.2.7
244 verbose url resolving [ 'https://registry.npmjs.org/', './cordova/3.5.0-0.2.7' ]
245 verbose url resolved https://registry.npmjs.org/cordova/3.5.0-0.2.7
246 info trying registry request attempt 1 at 16:55:04
247 http GET https://registry.npmjs.org/cordova/3.5.0-0.2.7
248 verbose registry.get cordova/3.5.0-0.2.4 not expired, no request
249 silly lockFile b06f4b23-cordova-3-5-0-0-2-4 cordova@3.5.0-0.2.4
250 silly lockFile b06f4b23-cordova-3-5-0-0-2-4 cordova@3.5.0-0.2.4
251 silly resolved [ { name: 'cordova',
251 silly resolved     version: '3.5.0-0.2.4',
251 silly resolved     preferGlobal: 'true',
251 silly resolved     description: 'Cordova command line interface tool',
251 silly resolved     main: 'cordova',
251 silly resolved     engines: { node: '>=0.9.9' },
251 silly resolved     engineStrict: true,
251 silly resolved     bin: { cordova: './bin/cordova' },
251 silly resolved     scripts: { test: 'jasmine-node --color spec' },
251 silly resolved     repository:
251 silly resolved      { type: 'git',
251 silly resolved        url: 'https://git-wip-us.apache.org/repos/asf/cordova-cli.git' },
251 silly resolved     bugs:
251 silly resolved      { url: 'https://issues.apache.org/jira/browse/CB',
251 silly resolved        email: 'dev@cordova.apache.org' },
251 silly resolved     keywords: [ 'cordova', 'client', 'cli' ],
251 silly resolved     dependencies:
251 silly resolved      { 'cordova-lib': '0.21.3',
251 silly resolved        q: '~0.9',
251 silly resolved        optimist: '0.6.0',
251 silly resolved        underscore: '1.4.4' },
251 silly resolved     devDependencies: { 'jasmine-node': '~1' },
251 silly resolved     author: { name: 'Anis Kadri' },
251 silly resolved     contributors:
251 silly resolved      [ [Object],
251 silly resolved        [Object],
251 silly resolved        [Object],
251 silly resolved        [Object],
251 silly resolved        [Object],
251 silly resolved        [Object],
251 silly resolved        [Object],
251 silly resolved        [Object],
251 silly resolved        [Object],
251 silly resolved        [Object],
251 silly resolved        [Object],
251 silly resolved        [Object],
251 silly resolved        [Object],
251 silly resolved        [Object],
251 silly resolved        [Object],
251 silly resolved        [Object],
251 silly resolved        [Object],
251 silly resolved        [Object],
251 silly resolved        [Object],
251 silly resolved        [Object],
251 silly resolved        [Object],
251 silly resolved        [Object],
251 silly resolved        [Object],
251 silly resolved        [Object] ],
251 silly resolved     license: 'Apache version 2.0',
251 silly resolved     readme: '<!--\n#\n# Licensed to the Apache Software Foundation (ASF) under one\n# or more contributor license agreements.  See the NOTICE file\n# distributed with this work for additional information\n# regarding copyright ownership.  The ASF licenses this file\n# to you under the Apache License, Version 2.0 (the\n# "License"); you may not use this file except in compliance\n# with the License.  You may obtain a copy of the License at\n#\n# http://www.apache.org/licenses/LICENSE-2.0\n#\n# Unless required by applicable law or agreed to in writing,\n# software distributed under the License is distributed on an\n# "AS IS" BASIS, WITHOUT WARRANTIES OR CONDITIONS OF ANY\n#  KIND, either express or implied.  See the License for the\n# specific language governing permissions and limitations\n# under the License.\n#\n-->\n\n# cordova-cli\n\n> The command line tool to build, deploy and manage [Cordova](http://cordova.io)-based applications.\n\n[Apache Cordova](http://cordova.io) allows for building native mobile applications using HTML, CSS and JavaScript. This tool helps with management of multi-platform Cordova applications as well as Cordova plugin integration.\n\nCheck out the [Getting Started guides](http://cordova.apache.org/docs/en/edge/) for more details on how to work with Cordova sub-projects.\n\n# Supported Cordova Platforms\n\n- Amazon Fire OS\n- Android\n- BlackBerry 10\n- iOS\n- Ubuntu\n- Windows Phone 7 &amp; 8\n- Windows 8\n\n> **Note: Windows Phone 7 is deprecated as a target platform. Support will be removed in version 3.7.0, approx. May 2014.**\n\n# Requirements\n\n* [Node.js](http://nodejs.org/)\n* SDKs for each platform you wish to support:\n  - **Android**: [Android SDK](http://developer.android.com) - **NOTE** This tool\n    will not work unless you have the absolute latest updates for all\n    Android SDK components. Also you will need the SDK\'s `tools` and `platform-tools` directories on your __system path__ otherwise Android support will fail.\n  - [Amazon Fire OS SDK](https://developer.amazon.com/sdk/fire/IntegratingAWV.html#installawv) - **NOTE** This tool will not work unless you have Android SDK installed and paths are updated as mentioned above. In addition you need to install AmazonWebView SDK and copy awv_interface.jar to corodva-amazon-fireos/framework/libs folder. If libs folder does not exist then create one.\n  - [Windows Phone SDK](http://dev.windowsphone.com/en-us/downloadsdk) - **NOTE** This tool will not work unless you have `msbuild` on your __system path__ otherwise Windows Phone support will fail (`msbuild.exe` is generally located in `C:\\Windows\\Microsoft.NET\\Framework\\v4.0.30319`).\n  - **BlackBerry 10**: [BlackBerry 10 WebWorks SDK](http://developer.blackberry.com/html5/download/). Make sure you have the `dependencies/tools/bin` folder inside the SDK directory added to your path!\n  - **iOS**: [iOS SDK](http://developer.apple.com) with the latest `Xcode` and `Xcode Command Line Tools`\n  - **Windows Phone**: [Windows Phone SDK](http://dev.windowsphone.com/en-us/downloadsdk) - **NOTE** This tool will not work unless you have `msbuild` on your __system path__ otherwise Windows Phone support will fail (`msbuild.exe` is generally located in `C:\\Windows\\Microsoft.NET\\Framework\\v4.0.30319`).\n\n`cordova-cli` has been tested on **Mac OS X**, **Linux**, **Windows 7**, and **Windows 8**.\n\nPlease note that some platforms have OS restrictions.  For example, you cannot build for Windows 8 or Windows Phone 7 & 8 on Mac OS X, nor can you build for iOS on Windows.\n\n# Install\n\nUbuntu packages are available in a PPA for Ubuntu 13.10 (Saucy) (the current release) as well as 14.04 (Trusty) (under development).\n\n    sudo apt-add-repository ppa:cordova-ubuntu/ppa\n    sudo apt-get update\n    sudo apt-get install cordova-cli\n    npm install -g cordova\n\nTo build an application for the Ubuntu platform, the following extra packages are required:\n\n    sudo apt-get install cmake debhelper libx11-dev libicu-dev pkg-config qtbase5-dev qtchooser qtdeclarative5-dev qtfeedback5-dev qtlocation5-dev qtmultimedia5-dev qtpim5-dev qtsensors5-dev qtsystems5-dev\n\n\n## Installing from master\n\nYou\'ll need to install both [CLI](https://git-wip-us.apache.org/repos/asf/cordova-cli.git) and [Plugman](https://git-wip-us.apache.org/repos/asf/cordova-plugman.git) from `git`. Running the *npm version* of one and *(git) master version* of the other is likely to end with you suffering.\n\nTo avoid using sudo, see [Get away from sudo: npm without root](http://justjs.com/posts/npm-link-developing-your-own-npm-modules-without-tears).\n\nRun the following commands:\n\n    git clone https://git-wip-us.apache.org/repos/asf/cordova-plugman.git\n    cd cordova-plugman\n    npm install\n    sudo npm link\n    cd ..\n    git clone https://git-wip-us.apache.org/repos/asf/cordova-cli.git\n    cd cordova-cli\n    npm install\n    sudo npm link\n    npm link plugman\n\nNow the `cordova` and `plugman` in your path are the local git versions. Don\'t forget to keep them up to date!\n\n## Installing on Ubuntu\n\n    apt-get install cordova-cli\n\n\n# Getting Started\n\n`cordova-cli` has a single global `create` command that creates new cordova projects into a specified directory. Once you create a project, `cd` into it and you can execute a variety of project-level commands. Completely inspired by git\'s interface.\n\n## Global Commands\n\n- `help` display a help page with all available commands\n- `create <directory> [<id> [<name>]]` create a new cordova project with optional name and id (package name, reverse-domain style)\n\n<a name="project_commands" />\n## Project Commands\n\n- `platform [ls | list]` list all platforms for which the project will build\n- `platform add <platform> [<platform> ...]` add one (or more) platforms as a build target for the project\n- `platform [rm | remove] <platform> [<platform> ...]` removes one (or more) platform build targets from the project\n- `platform [up | update] <platform> ` - updates the Cordova version used for the given platform\n- `plugin [ls | list]` list all plugins included in the project\n- `plugin add <path-to-plugin> [<path-to-plugin> ...]` add one (or more) plugins to the project\n- `plugin [rm | remove] <plugin-name> [<plugin-name> ...]` remove one (or more) plugins from the project.\n- `plugin search [<keyword1> <keyword2> ...]` search the plugin registry for plugins matching the list of keywords\n- `prepare [platform...]` copies files into the specified platforms, or all platforms. It is then ready for building by `Eclipse`, `Xcode`, etc.\n- `compile [platform...]` compiles the app into a binary for each targetted platform. With no parameters, builds for all platforms, otherwise builds for the specified platforms.\n- `build [<platform> [<platform> [...]]]` an alias for `cordova prepare` followed by `cordova compile`\n- `emulate [<platform> [<platform> [...]]]` launch emulators and deploy app to them. With no parameters emulates for all platforms added to the project, otherwise emulates for the specified platforms\n- `serve [port]` launch a local web server allowing you to access each  platform\'s www directory on the given port (default 8000).\n\n### Optional Flags\n\n- `-d` or `--verbose` will pipe out more verbose output to your shell. You can also subscribe to `log` and `warn` events if you are consuming `cordova-cli` as a node module by calling `cordova.on(\'log\', function() {})` or `cordova.on(\'warn\', function() {})`.\n- `-v` or `--version` will print out the version of your `cordova-cli` install.\n\n# Project Directory Structure\nA Cordova application built with `cordova-cli` will have the following directory structure:\n\n    myApp/\n    |-- config.xml\n    |-- hooks/\n    |-- merges/\n    | | |-- android/\n    | | |-- blackberry10/\n    | | `-- ios/\n    |-- www/\n    |-- platforms/\n    | |-- android/\n    | |-- blackberry10/\n    | `-- ios/\n    `-- plugins/\n\n## hooks/\nThis directory may contains scripts used to customize cordova commands. This\ndirectory used to exist at `.cordova/hooks`, but has now been moved to the\nproject root. Any scripts you add to these directories will be executed before\nand after the commands corresponding to the directory name. Useful for\nintegrating your own build systems or integrating with version control systems.\n\nRefer to [hooks-README.md](https://github.com/apache/cordova-lib/blob/master/cordova-lib/templates/hooks-README.md) for more information.\n\n## merges/\nPlatform-specific web assets (HTML, CSS and JavaScript files) are contained within appropriate subfolders in this directory. These are deployed during a `prepare` to the appropriate native directory.  Files placed under `merges/` will override matching files in the `www/` folder for the relevant platform. A quick example, assuming a project structure of:\n\n    merges/\n    |-- ios/\n    | `-- app.js\n    |-- android/\n    | `-- android.js\n    www/\n    `-- app.js\n\nAfter building the Android and iOS projects, the Android application will contain both `app.js` and `android.js`. However, the iOS application will only contain an `app.js`, and it will be the one from `merges/ios/app.js`, overriding the "common" `app.js` located inside `www/`.\n\n## www/\n\nContains the project\'s web artifacts, such as .html, .css and .js files. These are your main application assets. They will be copied on a `cordova prepare` to each platform\'s www directory.\n\n### Your Blanket: config.xml\n\nThis file is what you should be editing to modify your application\'s metadata. Any time you run any cordova-cli commands, the tool will look at the contents of `config.xml` and use all relevant info from this file to define native application information. cordova-cli supports changing your application\'s data via the following elements inside the `config.xml` file:\n\n- The user-facing name can be modified via the contents of the `<name>` element.\n- The package name (AKA bundle identifier or application id) can be modified via the `id` attribute from the top-level `<widget>` element.\n- The version can be modified via the `version` attribute from the top-level `<widget>` element.\n- The whitelist can be modified using the `<access>` elements. Make sure the `origin` attribute of your `<access>` element points to a valid URL (you can use `*` as wildcard). For more information on the whitelisting syntax, see the [docs.phonegap.com](http://docs.phonegap.com/en/2.2.0/guide_whitelist_index.md.html#Domain%20Whitelist%20Guide). You can use either attribute `uri` ([BlackBerry-proprietary](https://developer.blackberry.com/html5/documentation/access_element_834677_11.html)) or `origin` ([standards-compliant](http://www.w3.org/TR/widgets-access/#attributes)) to denote the domain.\n- Platform-specific preferences can be customized via `<preference>` tags. See [docs.phonegap.com](http://docs.phonegap.com/en/2.3.0/guide_project-settings_index.md.html#Project%20Settings) for a list of preferences you can use.\n- The entry/start page for your application can be defined via the `<content src>` element + attribute.\n\n## platforms/\nPlatforms added to your application will have the native application project structures laid out within this directory.\n\n## plugins/\nAny added plugins will be extracted or copied into this directory.\n\n# Hooks\n\nProjects created by cordova-cli have `before` and `after` hooks for each [project command](#project_commands).\n\nThere are two types of hooks: project-specific ones and module-level ones. Both of these types of hooks receive the project root folder as a parameter.\n\n## Project-specific Hooks\n\nThese are located under the `hooks` directory in the root of your cordova project. Any scripts you add to these directories will be executed before and after the appropriate commands. Useful for integrating your own build systems or integrating with version control systems. __Remember__: make your scripts executable.\n\n### Examples\n\n- [`before_build` hook for jade template compiling](https://gist.github.com/4100866) courtesy of [dpogue](http://github.com/dpogue)\n\n## Module-level Hooks\n\nIf you are using cordova-cli as a module within a larger **Node** application, you can also use the standard `EventEmitter` methods to attach to the events. The events include `before_build`, `before_compile`, `before_docs`, `before_emulate`, `before_run`, `before_platform_add`, `before_library_download`, `before_platform_ls`, `before_platform_rm`, `before_plugin_add`, `before_plugin_ls`, `before_plugin_rm` and `before_prepare`. There is also a `library_download` progress event. Additionally, there are `after_` flavours of all the above events.\n\nOnce you `require(\'cordova\')` in your Node project, you will have the usual `EventEmitter` methods available (`on`, `off` or `removeListener`, `removeAllListeners`, and `emit` or `trigger`).\n\n# Examples\n\n## Creating a new cordova project\nThis example shows how to create a project from scratch named KewlApp with iOS and Android platform support, and includes a plugin named Kewlio. The project will live in ~/KewlApp\n\n    cordova create ~/KewlApp KewlApp\n    cd ~/KewlApp\n    cordova platform add ios android\n    cordova plugin add http://example.org/Kewlio-1.2.3.tar.gz\n    cordova build\n\nThe directory structure of KewlApp now looks like this:\n\n    KewlApp/\n    |-- hooks/\n    |-- merges/\n    | |-- android/\n    | `-- ios/\n    |-- www/\n    | `-- index.html\n    |-- platforms/\n    | |-- android/\n    | | `-- …\n    | `-- ios/\n    |   `-- …\n    `-- plugins/\n      `-- Kewlio/\n\n# Contributing\n\n## Running Tests\n\n    npm test\n\n## TO-DO + Issues\n\nPlease check [Cordova issues with the CLI Component](http://issues.cordova.io). If you find issues with this tool, please be so kind as to include relevant information needed to debug issues such as:\n\n- Your operating system and version\n- The application name, directory location, and identifier used with `create`\n- Which mobile SDKs you have installed, and their versions. Related to this: which `Xcode` version if you are submitting issues related to iOS\n- Any error stack traces you received\n\n## Contributors\n\nThanks to everyone for contributing! For a list of people involved, please see the `package.json` file.\n\n\n# Known Issues and Troubleshooting\n\n## Any OS\n\n### Proxy Settings\n\n`cordova-cli` will use `npm`\'s proxy settings. If you downloaded cordova-cli via `npm` and are behind a proxy, chances are cordova-cli should work for you as it will use those settings in the first place. Make sure that the `https-proxy` and `proxy` npm config variables are set properly. See [npm\'s configuration documentation](https://npmjs.org/doc/config.html) for more information.\n\n## Windows\n\n### Trouble Adding Android as a Platform\n\nWhen trying to add a platform on a Windows machine if you run into the following error message:\n    cordova library for "android" already exists. No need to download. Continuing.\n    Checking if platform "android" passes minimum requirements...\n    Checking Android requirements...\n    Running "android list target" (output to follow)\n\n    Error: The command `android` failed. Make sure you have the latest Android SDK installed, and the `android` command (inside the tools/ folder) added t\n    o your path. Output:\n    at C:\\Users\\me\\AppData\\Roaming\\npm\\node_modules\\cordova\\src\\platform.js:185:42\n    at C:\\Users\\me\\AppData\\Roaming\\npm\\node_modules\\cordova\\src\\metadata\\android_parser.js:50:13\n    at C:\\Users\\me\\AppData\\Roaming\\npm\\node_modules\\cordova\\node_modules\\shelljs\\shell.js:1707:7\n    at exithandler (child_process.js:633:7)\n    at ChildProcess.errorhandler (child_process.js:649:5)\n    at ChildProcess.EventEmitter.emit (events.js:95:17)\n    at Process.ChildProcess._handle.onexit (child_process.js:787:12)\n\nrun the command `android list target`.  If you see:\n\n    \'xcopy\' is not recognized as an internal or external command,\n    operable program or batch file.\n\nat the beginning of the command output, it means you will need to fix your Windows Path variable to include xcopy. This location is typically under C:\\Windows\\System32.\n\n## Windows 8\n\nWindows 8 support does not include the ability to launch/run/emulate, so you will need to open **Visual Studio** to see your app live.  You are still able to use the following commands with windows8:\n\n- `platform add windows8`\n- `platform remove windows8`\n- `prepare windows8`\n- `compile windows8`\n- `build windows8`\n\nTo run your app, you will need to open the `.sln` in the `platforms/windows8` folder using **Visual Studio 2012**.\n\n**Visual Studio** will tell you to reload the project if you run any of the above commands while the project is loaded.\n\n## Amazon Fire OS\n\nAmazon Fire OS does not include the ability to emulate. You are still able to use the following commands with Amazon Fire OS\n\n- `platform add amazon-fireos`\n- `platform remove amazon-fireos`\n- `prepare amazon-fireos`\n- `compile amazon-fireos`\n- `build amazon-fireos`\n\n## Ubuntu\n\nThe initial release of cordova-ubuntu does not support building applications for armhf devices automatically. It is possible to produce applications and click packages in a few steps though.\n\nThis bug report documents the issue and solutions for it: https://bugs.launchpad.net/ubuntu/+source/cordova-ubuntu/+bug/1260500 A future release will let developers cross-compile armhf click packages directly from an x86 desktop.\n\n## Firefox OS\n\nFirefox OS does not include the ability to emulate, run and serve. After building, you will have to open the firefoxos platform directory of your app in the App Manager that comes with every firefox browser. \n',
251 silly resolved     readmeFilename: 'README.md',
251 silly resolved     _id: 'cordova@3.5.0-0.2.4',
251 silly resolved     dist: { shasum: '42ecb5bf50a456a2d95f0e95b3c542393f6af538' },
251 silly resolved     _from: 'cordova@3.5.0-0.2.4',
251 silly resolved     _resolved: 'https://registry.npmjs.org/cordova/-/cordova-3.5.0-0.2.4.tgz' } ]
252 info install cordova@3.5.0-0.2.4 into /usr/local/lib/node_modules/phonegap
253 info installOne cordova@3.5.0-0.2.4
254 info /usr/local/lib/node_modules/phonegap/node_modules/cordova unbuild
255 info preuninstall cordova@3.5.0-0.2.4
256 info uninstall cordova@3.5.0-0.2.4
257 verbose false,/usr/local/lib/node_modules,/usr/local/lib/node_modules/phonegap/node_modules unbuild cordova@3.5.0-0.2.4
258 verbose /usr/local/lib/node_modules/phonegap/node_modules/.bin,[object Object] binRoot
259 info /usr/local/lib/node_modules/phonegap/node_modules/cordova unbuild
260 info preuninstall cordova@3.5.0-0.2.4
261 info uninstall cordova@3.5.0-0.2.4
262 verbose false,/usr/local/lib/node_modules,/usr/local/lib/node_modules/phonegap/node_modules unbuild cordova@3.5.0-0.2.4
263 verbose /usr/local/lib/node_modules/phonegap/node_modules/.bin,[object Object] binRoot
264 error error rolling back Error: EACCES, unlink '/usr/local/lib/node_modules/phonegap/node_modules/.bin/cordova'
264 error error rolling back  cordova@3.5.0-0.2.4 { [Error: EACCES, unlink '/usr/local/lib/node_modules/phonegap/node_modules/.bin/cordova']
264 error error rolling back   errno: 3,
264 error error rolling back   code: 'EACCES',
264 error error rolling back   path: '/usr/local/lib/node_modules/phonegap/node_modules/.bin/cordova' }
265 error Error: EACCES, unlink '/usr/local/lib/node_modules/phonegap/node_modules/.bin/cordova'
265 error  { [Error: EACCES, unlink '/usr/local/lib/node_modules/phonegap/node_modules/.bin/cordova']
265 error   errno: 3,
265 error   code: 'EACCES',
265 error   path: '/usr/local/lib/node_modules/phonegap/node_modules/.bin/cordova' }
266 error Please try running this command again as root/Administrator.
267 error System Darwin 13.3.0
268 error command "node" "/usr/local/bin/npm" "update" "-g" "cordova"
269 error cwd /Users/skplanet/Documents/Projects/PhoneGap/PhoneGapTodo
270 error node -v v0.10.24
271 error npm -v 1.3.21
272 error path /usr/local/lib/node_modules/phonegap/node_modules/.bin/cordova
273 error code EACCES
274 error errno 3
275 error stack Error: EACCES, unlink '/usr/local/lib/node_modules/phonegap/node_modules/.bin/cordova'
276 verbose exit [ 3, true ]
